###############################################################################
#
# IAR ANSI C/C++ Compiler V8.40.2.214/W32 for ARM         05/Aug/2021  18:55:47
# Copyright 1999-2019 IAR Systems AB.
#
#    Cpu mode     =  
#    Endian       =  little
#    Source file  =
#        E:\STM32Project\Cubli-with-STM32F429\Cubli\User\src\jy901.c
#    Command line =
#        -f C:\Users\LABPC1~1\AppData\Local\Temp\EW98C0.tmp
#        (E:\STM32Project\Cubli-with-STM32F429\Cubli\User\src\jy901.c -D
#        USE_STDPERIPH_DRIVER -D STM32F429_439xx -lC
#        E:\STM32Project\Cubli-with-STM32F429\Cubli\Debug\List -o
#        E:\STM32Project\Cubli-with-STM32F429\Cubli\Debug\Obj --no_cse
#        --no_unroll --no_inline --no_code_motion --no_tbaa --no_clustering
#        --no_scheduling --debug --endian=little --cpu=Cortex-M4 -e --fpu=None
#        --dlib_config "D:\IAR Systems\Embedded Workbench
#        8.3\arm\inc\c\DLib_Config_Normal.h" -I
#        E:\STM32Project\Cubli-with-STM32F429\Cubli\..\STM32F4xx_DSP_StdPeriph_Lib_V1.8.0\Libraries\CMSIS\Device\ST\STM32F4xx\Include\
#        -I
#        E:\STM32Project\Cubli-with-STM32F429\Cubli\..\STM32F4xx_DSP_StdPeriph_Lib_V1.8.0\Libraries\CMSIS\Device\ST\STM32F4xx\Source\Templates\
#        -I
#        E:\STM32Project\Cubli-with-STM32F429\Cubli\..\STM32F4xx_DSP_StdPeriph_Lib_V1.8.0\Libraries\CMSIS\Device\ST\STM32F4xx\Source\Templates\iar\
#        -I
#        E:\STM32Project\Cubli-with-STM32F429\Cubli\..\STM32F4xx_DSP_StdPeriph_Lib_V1.8.0\Libraries\STM32F4xx_StdPeriph_Driver\inc\
#        -I
#        E:\STM32Project\Cubli-with-STM32F429\Cubli\..\STM32F4xx_DSP_StdPeriph_Lib_V1.8.0\Libraries\STM32F4xx_StdPeriph_Driver\src\
#        -I E:\STM32Project\Cubli-with-STM32F429\Cubli\user\inc\ -I
#        E:\STM32Project\Cubli-with-STM32F429\Cubli\user\src\ -Ol
#        --use_c++_inline -I "D:\IAR Systems\Embedded Workbench
#        8.3\arm\CMSIS\Core\Include\" -I "D:\IAR Systems\Embedded Workbench
#        8.3\arm\CMSIS\DSP\Include\")
#    Locale       =  C
#    List file    =
#        E:\STM32Project\Cubli-with-STM32F429\Cubli\Debug\List\jy901.lst
#    Object file  =
#        E:\STM32Project\Cubli-with-STM32F429\Cubli\Debug\Obj\jy901.o
#
###############################################################################



 
 
 0 bytes of memory

Errors: none
Warnings: none
